<?xml version="1.0" encoding="utf-8"?><testsuites name="pytest tests"><testsuite name="pytest" errors="0" failures="0" skipped="0" tests="38" time="6.299" timestamp="2026-05-10T17:09:04.309581+00:00" hostname="agent-env-f9f3cc1b-4198-4748-a5ff-e8227d4d68db"><testcase classname="backend.tests.test_iteration2.TestDrive" name="test_drive_status_not_connected" time="0.568" /><testcase classname="backend.tests.test_iteration2.TestDrive" name="test_drive_auth_exchange_with_bad_code_returns_400" time="0.147" /><testcase classname="backend.tests.test_iteration2.TestDrive" name="test_drive_backup_when_not_connected_returns_400" time="0.046" /><testcase classname="backend.tests.test_iteration2.TestDrive" name="test_drive_list_backups_when_not_connected_returns_400" time="0.050" /><testcase classname="backend.tests.test_iteration2.TestDrive" name="test_drive_disconnect_idempotent" time="0.094" /><testcase classname="backend.tests.test_iteration2.TestDrive" name="test_drive_endpoints_require_auth" time="0.183" /><testcase classname="backend.tests.test_iteration2.TestNotesFiltering" name="test_create_note_with_contact_id" time="0.648" /><testcase classname="backend.tests.test_iteration2.TestNotesFiltering" name="test_filter_notes_by_contact_id" time="0.046" /><testcase classname="backend.tests.test_iteration2.TestNotesFiltering" name="test_filter_notes_by_deal_id" time="0.190" /><testcase classname="backend.tests.test_iteration2.TestTasksDueDate" name="test_create_task_with_due_date" time="0.142" /><testcase classname="backend.tests.test_iteration2.TestTasksDueDate" name="test_create_task_without_due_date" time="0.100" /><testcase classname="backend.tests.test_iteration2.TestRegression" name="test_login_demo" time="0.267" /><testcase classname="backend.tests.test_iteration2.TestRegression" name="test_dashboard_stats" time="0.048" /><testcase classname="backend.tests.test_iteration2.TestRegression" name="test_contacts_crud" time="0.149" /><testcase classname="backend.tests.test_iteration2.TestRegression" name="test_deals_crud" time="0.164" /><testcase classname="backend.tests.test_driftask_api.TestAuth" name="test_register_new_user" time="0.341" /><testcase classname="backend.tests.test_driftask_api.TestAuth" name="test_register_duplicate_returns_409" time="0.049" /><testcase classname="backend.tests.test_driftask_api.TestAuth" name="test_login_success" time="0.281" /><testcase classname="backend.tests.test_driftask_api.TestAuth" name="test_login_wrong_password_401" time="0.272" /><testcase classname="backend.tests.test_driftask_api.TestAuth" name="test_me_with_valid_token" time="0.322" /><testcase classname="backend.tests.test_driftask_api.TestAuth" name="test_me_without_token_returns_403" time="0.139" /><testcase classname="backend.tests.test_driftask_api.TestAuth" name="test_me_invalid_token_401" time="0.171" /><testcase classname="backend.tests.test_driftask_api.TestContacts" name="test_create_contact" time="0.053" /><testcase classname="backend.tests.test_driftask_api.TestContacts" name="test_list_contacts_includes_created" time="0.046" /><testcase classname="backend.tests.test_driftask_api.TestContacts" name="test_get_contact_by_id" time="0.050" /><testcase classname="backend.tests.test_driftask_api.TestContacts" name="test_contacts_requires_auth" time="0.150" /><testcase classname="backend.tests.test_driftask_api.TestContacts" name="test_delete_contact" time="0.093" /><testcase classname="backend.tests.test_driftask_api.TestDeals" name="test_create_deal" time="0.047" /><testcase classname="backend.tests.test_driftask_api.TestDeals" name="test_list_deals" time="0.048" /><testcase classname="backend.tests.test_driftask_api.TestDeals" name="test_update_deal_stage" time="0.059" /><testcase classname="backend.tests.test_driftask_api.TestDeals" name="test_delete_deal" time="0.051" /><testcase classname="backend.tests.test_driftask_api.TestTasks" name="test_create_task" time="0.046" /><testcase classname="backend.tests.test_driftask_api.TestTasks" name="test_list_tasks" time="0.047" /><testcase classname="backend.tests.test_driftask_api.TestTasks" name="test_toggle_task_completed" time="0.046" /><testcase classname="backend.tests.test_driftask_api.TestTasks" name="test_delete_task" time="0.046" /><testcase classname="backend.tests.test_driftask_api.TestNotes" name="test_create_and_filter_note" time="0.198" /><testcase classname="backend.tests.test_driftask_api.TestDashboard" name="test_dashboard_stats_shape" time="0.048" /><testcase classname="backend.tests.test_driftask_api.TestIsolation" name="test_users_cannot_see_others_contacts" time="0.679" /></testsuite></testsuites>