<?xml version="1.0" encoding="utf-8"?><testsuites name="pytest tests"><testsuite name="pytest" errors="0" failures="0" skipped="0" tests="23" time="3.380" timestamp="2026-05-09T17:12:24.464289+00:00" hostname="agent-env-f9f3cc1b-4198-4748-a5ff-e8227d4d68db"><testcase classname="backend.tests.test_driftask_api.TestAuth" name="test_register_new_user" time="0.403" /><testcase classname="backend.tests.test_driftask_api.TestAuth" name="test_register_duplicate_returns_409" time="0.051" /><testcase classname="backend.tests.test_driftask_api.TestAuth" name="test_login_success" time="0.274" /><testcase classname="backend.tests.test_driftask_api.TestAuth" name="test_login_wrong_password_401" time="0.274" /><testcase classname="backend.tests.test_driftask_api.TestAuth" name="test_me_with_valid_token" time="0.324" /><testcase classname="backend.tests.test_driftask_api.TestAuth" name="test_me_without_token_returns_403" time="0.112" /><testcase classname="backend.tests.test_driftask_api.TestAuth" name="test_me_invalid_token_401" time="0.103" /><testcase classname="backend.tests.test_driftask_api.TestContacts" name="test_create_contact" time="0.061" /><testcase classname="backend.tests.test_driftask_api.TestContacts" name="test_list_contacts_includes_created" time="0.053" /><testcase classname="backend.tests.test_driftask_api.TestContacts" name="test_get_contact_by_id" time="0.051" /><testcase classname="backend.tests.test_driftask_api.TestContacts" name="test_contacts_requires_auth" time="0.106" /><testcase classname="backend.tests.test_driftask_api.TestContacts" name="test_delete_contact" time="0.100" /><testcase classname="backend.tests.test_driftask_api.TestDeals" name="test_create_deal" time="0.049" /><testcase classname="backend.tests.test_driftask_api.TestDeals" name="test_list_deals" time="0.051" /><testcase classname="backend.tests.test_driftask_api.TestDeals" name="test_update_deal_stage" time="0.052" /><testcase classname="backend.tests.test_driftask_api.TestDeals" name="test_delete_deal" time="0.056" /><testcase classname="backend.tests.test_driftask_api.TestTasks" name="test_create_task" time="0.049" /><testcase classname="backend.tests.test_driftask_api.TestTasks" name="test_list_tasks" time="0.050" /><testcase classname="backend.tests.test_driftask_api.TestTasks" name="test_toggle_task_completed" time="0.056" /><testcase classname="backend.tests.test_driftask_api.TestTasks" name="test_delete_task" time="0.052" /><testcase classname="backend.tests.test_driftask_api.TestNotes" name="test_create_and_filter_note" time="0.192" /><testcase classname="backend.tests.test_driftask_api.TestDashboard" name="test_dashboard_stats_shape" time="0.052" /><testcase classname="backend.tests.test_driftask_api.TestIsolation" name="test_users_cannot_see_others_contacts" time="0.718" /></testsuite></testsuites>